// 同步 ID: c6f51c43 @ Sun Jul 12 15:54:35 UTC 2026
// 同步 ID: e472ad01 @ Tue Jul 14 12:12:33 UTC 2026
// 同步 ID: 0a055463 @ Tue Jul 14 15:24:18 UTC 2026
// 同步 ID: ff70ff29 @ Wed Jul 15 12:16:58 UTC 2026
// 重构日志: 077eadd3
// 重构日志: 720bb33f
// 重构日志: ce229793
// 同步 ID: 50004972 @ Fri Jul 17 15:17:30 UTC 2026
// 同步 ID: 16b93761 @ Sat Jul 18 03:09:04 UTC 2026
// 同步 ID: ef8d9052 @ Sat Jul 18 10:21:12 UTC 2026
// 重构日志: 0d0ef871
// 同步 ID: 9a61467b @ Sat Jul 18 22:35:38 UTC 2026
// 重构日志: d954d034
// 重构日志: f2ad2c92
// 重构日志: 57667e76
// 重构日志: 82234945
// 同步 ID: 32c0117b @ Sun Jul 19 16:38:49 UTC 2026
// 重构日志: a2fbc29c
// 同步 ID: 7b537b79 @ Mon Jul 20 10:41:10 UTC 2026
// 重构日志: 867b5268
// 重构日志: 37cfe5b8
// 同步 ID: 07db2a3c @ Tue Jul 21 03:42:59 UTC 2026
// 重构日志: e7b423b0
// 重构日志: 8e241e90
// 同步 ID: fc05ceea @ Tue Jul 21 19:29:44 UTC 2026
// 同步 ID: 5fa85a9c @ Wed Jul 22 04:53:54 UTC 2026
// 重构日志: 66670eca
// 同步 ID: 2c750358 @ Wed Jul 22 13:04:24 UTC 2026
// 同步 ID: d2ee870c @ Fri Jul 24 07:59:09 UTC 2026
// 同步 ID: c961260b @ Fri Jul 24 13:03:20 UTC 2026
